Using pre-set license
Built from '2022.3/staging' branch; Version is '2022.3.21f1 (bf09ca542b87) revision 12519882'; Using compiler version '192829333'; Build Type 'Release'
OS: 'Windows 11  (10.0.22631) 64bit Core' Language: 'es' Physical Memory: 15791 MB
BatchMode: 1, IsHumanControllingUs: 0, StartBugReporterOnCrash: 0, Is64bit: 1, IsPro: 1

COMMAND LINE ARGUMENTS:
C:\Program Files\Unity\Hub\Editor\2022.3.21f1\Editor\Unity.exe
-adb2
-batchMode
-noUpm
-name
AssetImportWorker2
-projectPath
C:/Users/G513/Eliminar Enemigos
-logFile
Logs/AssetImportWorker2.log
-srvPort
58448
Successfully changed project path to: C:/Users/G513/Eliminar Enemigos
C:/Users/G513/Eliminar Enemigos
[UnityMemory] Configuration Parameters - Can be set up in boot.config
    "memorysetup-bucket-allocator-granularity=16"
    "memorysetup-bucket-allocator-bucket-count=8"
    "memorysetup-bucket-allocator-block-size=33554432"
    "memorysetup-bucket-allocator-block-count=8"
    "memorysetup-main-allocator-block-size=16777216"
    "memorysetup-thread-allocator-block-size=16777216"
    "memorysetup-gfx-main-allocator-block-size=16777216"
    "memorysetup-gfx-thread-allocator-block-size=16777216"
    "memorysetup-cache-allocator-block-size=4194304"
    "memorysetup-typetree-allocator-block-size=2097152"
    "memorysetup-profiler-bucket-allocator-granularity=16"
    "memorysetup-profiler-bucket-allocator-bucket-count=8"
    "memorysetup-profiler-bucket-allocator-block-size=33554432"
    "memorysetup-profiler-bucket-allocator-block-count=8"
    "memorysetup-profiler-allocator-block-size=16777216"
    "memorysetup-profiler-editor-allocator-block-size=1048576"
    "memorysetup-temp-allocator-size-main=16777216"
    "memorysetup-job-temp-allocator-block-size=2097152"
    "memorysetup-job-temp-allocator-block-size-background=1048576"
    "memorysetup-job-temp-allocator-reduction-small-platforms=262144"
    "memorysetup-allocator-temp-initial-block-size-main=262144"
    "memorysetup-allocator-temp-initial-block-size-worker=262144"
    "memorysetup-temp-allocator-size-background-worker=32768"
    "memorysetup-temp-allocator-size-job-worker=262144"
    "memorysetup-temp-allocator-size-preload-manager=33554432"
    "memorysetup-temp-allocator-size-nav-mesh-worker=65536"
    "memorysetup-temp-allocator-size-audio-worker=65536"
    "memorysetup-temp-allocator-size-cloud-worker=32768"
    "memorysetup-temp-allocator-size-gi-baking-worker=262144"
    "memorysetup-temp-allocator-size-gfx=262144"
Player connection [42452] Host "[IP] 192.168.1.6 [Port] 0 [Flags] 2 [Guid] 330612272 [EditorId] 330612272 [Version] 1048832 [Id] WindowsEditor(7,LAPTOP-5TIDJM18) [Debug] 1 [PackageName] WindowsEditor [ProjectName] Editor" joined multi-casting on [225.0.0.222:54997]...

Player connection [42452] Host "[IP] 192.168.1.6 [Port] 0 [Flags] 2 [Guid] 330612272 [EditorId] 330612272 [Version] 1048832 [Id] WindowsEditor(7,LAPTOP-5TIDJM18) [Debug] 1 [PackageName] WindowsEditor [ProjectName] Editor" joined alternative multi-casting on [225.0.0.222:34997]...

[Physics::Module] Initialized MultithreadedJobDispatcher with 15 workers.
Refreshing native plugins compatible for Editor in 7.00 ms, found 3 plugins.
Preloading 0 native plugins for Editor in 0.00 ms.
Initialize engine version: 2022.3.21f1 (bf09ca542b87)
[Subsystems] Discovering subsystems at path C:/Program Files/Unity/Hub/Editor/2022.3.21f1/Editor/Data/Resources/UnitySubsystems
[Subsystems] Discovering subsystems at path C:/Users/G513/Eliminar Enemigos/Assets
GfxDevice: creating device client; threaded=0; jobified=0
Direct3D:
    Version:  Direct3D 11.0 [level 11.1]
    Renderer: NVIDIA GeForce RTX 3060 Laptop GPU (ID=0x2520)
    Vendor:   NVIDIA
    VRAM:     5996 MB
    Driver:   31.0.15.5161
Initialize mono
Mono path[0] = 'C:/Program Files/Unity/Hub/Editor/2022.3.21f1/Editor/Data/Managed'
Mono path[1] = 'C:/Program Files/Unity/Hub/Editor/2022.3.21f1/Editor/Data/MonoBleedingEdge/lib/mono/unityjit-win32'
Mono config path = 'C:/Program Files/Unity/Hub/Editor/2022.3.21f1/Editor/Data/MonoBleedingEdge/etc'
Using monoOptions --debugger-agent=transport=dt_socket,embedding=1,server=y,suspend=n,address=127.0.0.1:56956
Begin MonoManager ReloadAssembly
Registering precompiled unity dll's ...
Register platform support module: C:/Program Files/Unity/Hub/Editor/2022.3.21f1/Editor/Data/PlaybackEngines/WebGLSupport/UnityEditor.WebGL.Extensions.dll
Register platform support module: C:/Program Files/Unity/Hub/Editor/2022.3.21f1/Editor/Data/PlaybackEngines/AndroidPlayer/UnityEditor.Android.Extensions.dll
Register platform support module: C:/Program Files/Unity/Hub/Editor/2022.3.21f1/Editor/Data/PlaybackEngines/iOSSupport/UnityEditor.iOS.Extensions.dll
Register platform support module: C:/Program Files/Unity/Hub/Editor/2022.3.21f1/Editor/Data/PlaybackEngines/WindowsStandaloneSupport/UnityEditor.WindowsStandalone.Extensions.dll
Registered in 0.007621 seconds.
- Loaded All Assemblies, in  0.372 seconds
Native extension for WindowsStandalone target not found
[usbmuxd] Start listen thread
[usbmuxd] Listen thread started
Native extension for iOS target not found
Native extension for Android target not found
Android Extension - Scanning For ADB Devices 343 ms
Native extension for WebGL target not found
Mono: successfully reloaded assembly
- Finished resetting the current domain, in  0.714 seconds
Domain Reload Profiling: 1085ms
	BeginReloadAssembly (110ms)
		ExecutionOrderSort (0ms)
		DisableScriptedObjects (0ms)
		BackupInstance (0ms)
		ReleaseScriptingObjects (0ms)
		CreateAndSetChildDomain (1ms)
	RebuildCommonClasses (39ms)
	RebuildNativeTypeToScriptingClass (11ms)
	initialDomainReloadingComplete (58ms)
	LoadAllAssembliesAndSetupDomain (154ms)
		LoadAssemblies (110ms)
		RebuildTransferFunctionScriptingTraits (0ms)
		AnalyzeDomain (151ms)
			TypeCache.Refresh (150ms)
				TypeCache.ScanAssembly (136ms)
			ScanForSourceGeneratedMonoScriptInfo (0ms)
			ResolveRequiredComponents (0ms)
	FinalizeReload (714ms)
		ReleaseScriptCaches (0ms)
		RebuildScriptCaches (0ms)
		SetupLoadedEditorAssemblies (651ms)
			LogAssemblyErrors (0ms)
			InitializePlatformSupportModulesInManaged (480ms)
			SetLoadedEditorAssemblies (4ms)
			RefreshPlugins (0ms)
			BeforeProcessingInitializeOnLoad (2ms)
			ProcessInitializeOnLoadAttributes (118ms)
			ProcessInitializeOnLoadMethodAttributes (46ms)
			AfterProcessingInitializeOnLoad (0ms)
			EditorAssembliesLoaded (0ms)
		ExecutionOrderSort2 (0ms)
		AwakeInstancesAfterBackupRestoration (0ms)
========================================================================
Worker process is ready to serve import requests
Begin MonoManager ReloadAssembly
- Loaded All Assemblies, in  0.675 seconds
Refreshing native plugins compatible for Editor in 2.27 ms, found 3 plugins.
Native extension for WindowsStandalone target not found
Native extension for iOS target not found
Native extension for Android target not found
Native extension for WebGL target not found
[ScriptCompilation] NOT recompiling all scripts because this is an import worker process. Reason to compile was: Define symbols changed
System.ArgumentException: There is no a valid NamedBuildTarget for BuildTargetGroup 'PSM'
  at UnityEditor.Build.NamedBuildTarget.FromBuildTargetGroup (UnityEditor.BuildTargetGroup buildTargetGroup) [0x00159] in <24e1ed8728684ea3ae446f80787d18de>:0 
  at UnityEditor.PlayerSettings.GetScriptingDefineSymbolsForGroup (UnityEditor.BuildTargetGroup targetGroup) [0x00000] in <24e1ed8728684ea3ae446f80787d18de>:0 
  at UnityStandardAssets.CrossPlatformInput.Inspector.CrossPlatformInitialize.GetDefinesList (UnityEditor.BuildTargetGroup group) [0x00000] in C:\Users\G513\Eliminar Enemigos\Assets\Standard Assets\Standard Assets\Editor\CrossPlatformInput\CrossPlatformInputInitialize.cs:134 
  at UnityStandardAssets.CrossPlatformInput.Inspector.CrossPlatformInitialize.SetEnabled (System.String defineName, System.Boolean enable, System.Boolean mobile) [0x00018] in C:\Users\G513\Eliminar Enemigos\Assets\Standard Assets\Standard Assets\Editor\CrossPlatformInput\CrossPlatformInputInitialize.cs:106 
  at UnityStandardAssets.CrossPlatformInput.Inspector.CrossPlatformInitialize..cctor () [0x00050] in C:\Users\G513\Eliminar Enemigos\Assets\Standard Assets\Standard Assets\Editor\CrossPlatformInput\CrossPlatformInputInitialize.cs:22 
UnityEngine.StackTraceUtility:ExtractStackTrace ()
UnityEngine.DebugLogHandler:LogFormat (UnityEngine.LogType,UnityEngine.Object,string,object[])
UnityEngine.Logger:Log (UnityEngine.LogType,object)
UnityEngine.Debug:LogError (object)
UnityEditor.EditorAssemblies:ProcessInitializeOnLoadAttributes (System.Type[])

Package Manager log level set to [2]
[Package Manager] Server::EnsureServerProcessIsRunning -- launch failed, reason: Unity was launched with the -noUpm command-line argument
[Package Manager] UpmClient::Send -- Unable to send message (not connected to UPM process).
[Package Manager] Cannot connect to Unity Package Manager local server
Mono: successfully reloaded assembly
- Finished resetting the current domain, in  0.617 seconds
Domain Reload Profiling: 1290ms
	BeginReloadAssembly (153ms)
		ExecutionOrderSort (0ms)
		DisableScriptedObjects (5ms)
		BackupInstance (0ms)
		ReleaseScriptingObjects (0ms)
		CreateAndSetChildDomain (24ms)
	RebuildCommonClasses (33ms)
	RebuildNativeTypeToScriptingClass (11ms)
	initialDomainReloadingComplete (41ms)
	LoadAllAssembliesAndSetupDomain (434ms)
		LoadAssemblies (340ms)
		RebuildTransferFunctionScriptingTraits (0ms)
		AnalyzeDomain (185ms)
			TypeCache.Refresh (163ms)
				TypeCache.ScanAssembly (146ms)
			ScanForSourceGeneratedMonoScriptInfo (16ms)
			ResolveRequiredComponents (5ms)
	FinalizeReload (617ms)
		ReleaseScriptCaches (0ms)
		RebuildScriptCaches (0ms)
		SetupLoadedEditorAssemblies (446ms)
			LogAssemblyErrors (0ms)
			InitializePlatformSupportModulesInManaged (33ms)
			SetLoadedEditorAssemblies (4ms)
			RefreshPlugins (0ms)
			BeforeProcessingInitializeOnLoad (58ms)
			ProcessInitializeOnLoadAttributes (324ms)
			ProcessInitializeOnLoadMethodAttributes (20ms)
			AfterProcessingInitializeOnLoad (6ms)
			EditorAssembliesLoaded (0ms)
		ExecutionOrderSort2 (0ms)
		AwakeInstancesAfterBackupRestoration (7ms)
Launched and connected shader compiler UnityShaderCompiler.exe after 0.07 seconds
Refreshing native plugins compatible for Editor in 3.59 ms, found 3 plugins.
Preloading 0 native plugins for Editor in 0.00 ms.
Unloading 3271 Unused Serialized files (Serialized files now loaded: 0)
Unloading 34 unused Assets / (377.4 KB). Loaded Objects now: 3757.
Memory consumption went from 155.9 MB to 155.6 MB.
Total: 4.422200 ms (FindLiveObjects: 0.592100 ms CreateObjectMapping: 0.263600 ms MarkObjects: 3.269800 ms  DeleteObjects: 0.293300 ms)

AssetImportParameters requested are different than current active one (requested -> active):
  custom:container-demuxer-ogg: 62fdf1f143b41e24485cea50d1cbac27 -> 
  custom:video-codec-MediaFoundation-h265: 746d11721c4dcdbdad8f713fa42b33f4 -> 
  custom:video-decoder-ogg-theora: a1e56fd34408186e4bbccfd4996cb3dc -> 
  custom:framework-win-MediaFoundation: 216162199b28c13a410421893ffa2e32 -> 
  custom:CustomObjectIndexerAttribute: 9a22284fe3817be447336de3de66b15e -> 
  custom:container-demuxer-webm: 4f35f7cbe854078d1ac9338744f61a02 -> 
  custom:container-muxer-webm: aa71ff27fc2769a1b78a27578f13a17b -> 
  custom:video-decoder-webm-vp8: 9c59270c3fd7afecdb556c50c9e8de78 -> 
  custom:SearchIndexIgnoredProperties: e643bd26f0fe6173181afceb89e7c659 -> 
  custom:AudioImporter_EditorPlatform: d09bf68614088b80899f8185d706f6e7 -> 
  custom:video-encoder-webm-vp8: eb34c28f22e8b96e1ab97ce403110664 -> 
  custom:audio-decoder-ogg-vorbis: bf7c407c2cedff20999df2af8eb42d56 -> 
  custom:audio-encoder-webm-vorbis: bf7c407c2cedff20999df2af8eb42d56 -> 
  custom:scripting/monoscript/fileName/MobileInput.cs:  -> 916a9248ab1eb3f0d791859f028e70d8
  custom:scripting/monoscript/fileName/Water.cs:  -> 4427281107f61d1837c0a767dd081136
  custom:scripting/monoscript/fileName/InputAxisScrollbar.cs:  -> ac9f721155332e2772dc111905c4d583
  custom:scripting/monoscript/fileName/PlanarReflectionEditor.cs:  -> e9b6649e6c72d886139d0a61dab2ce53
  custom:scripting/monoscript/fileName/AeroplaneUserControl4Axis.cs:  -> 7861dde000b5351936f6898bbbf51638
  custom:scripting/monoscript/fileName/ActivateTrigger.cs:  -> c17dbf6ebd3571655102669753f97191
  custom:scripting/monoscript/fileName/CarAIControl.cs:  -> ca4f368ea072d7a564df07dc895b2a96
  custom:scripting/monoscript/fileName/WaypointCircuit.cs:  -> eb0e609150550e528225b682103b43f4
  custom:scripting/monoscript/fileName/ParticleSystemDestroyer.cs:  -> 4a3ccd840619c24dbe6ed070600d5d9e
  custom:scripting/monoscript/fileName/LandingGear.cs:  -> 65e13eeed4ae22f6a2546db1a8bff3cf
  custom:scripting/monoscript/fileName/ExplosionPhysicsForce.cs:  -> 99c9bdd3f4711349ea008cc9307354fc
  custom:scripting/monoscript/fileName/CrossPlatformInputInitialize.cs:  -> 5298687dc61bd38df93e503be0cd027b
  custom:scripting/monoscript/fileName/CrossPlatformInputManager.cs:  -> 6de8af81d021eaf9393099950d116e92
  custom:scripting/monoscript/fileName/DragRigidbody.cs:  -> 4603c3af3f13916f3fa935f6c699052a
  custom:scripting/monoscript/fileName/GerstnerDisplace.cs:  -> 7df2740790548bab84eb0d3c7932989c
  custom:scripting/monoscript/fileName/StartMenu.cs:  -> 2c6352739cbf1a92185b9315fcfa5506
  custom:scripting/monoscript/fileName/SmokeParticles.cs:  -> ae0be802c38d22b76b13deaf32e6b2fa
  custom:scripting/monoscript/fileName/PlanarReflection.cs:  -> 12735a809aeff545be42d56dcf008119
  custom:scripting/precompiled-assembly-types:Assembly-CSharp-Editor-firstpass:  -> 4c47c29894f58bca44de9c8de1fdc90e
  custom:scripting/monoscript/fileName/WaterBasic.cs:  -> 55f1f2d585546c05088574d22ca868db
  custom:scripting/monoscript/fileName/WaterBaseEditor.cs:  -> 7bfe9a8f976495e6455dffd894e3c518
  custom:scripting/monoscript/fileName/AeroplaneAudio.cs:  -> 50294550bb51818f5e10a8e61efaaff7
  custom:scripting/monoscript/fileName/Camera2DFollow.cs:  -> 5b1fdae63beb5574e052e755458bbeaf
  custom:scripting/precompiled-assembly-types:Assembly-CSharp-firstpass:  -> 0b9be58c8b0c62780d55657c87cd8f6d
  custom:scripting/monoscript/fileName/TouchPad.cs:  -> 6807f02d81a6bfd6af95f1e26dad1c08
  custom:scripting/monoscript/fileName/TiltInput.cs:  -> 1820939af3f541157a2fe21edb2c5afd
  custom:scripting/monoscript/fileName/RigidbodyFirstPersonController.cs:  -> ace2a793a454b629c5b1d471baf52a02
  custom:scripting/monoscript/fileName/SmoothFollow.cs:  -> 6827ffa1ee9ce151924316a12a17fd6f
  custom:scripting/monoscript/fileName/Ball.cs:  -> 1f94b792729e7dfe8e4b6b48e94f74ad
  custom:scripting/monoscript/fileName/ExtinguishableParticleSystem.cs:  -> f8b7119b76e142217ea59caecee08c2d
  custom:scripting/monoscript/fileName/AICharacterControl.cs:  -> 1ba2ce23cf6d0498a7ed5611bc270566
  custom:scripting/monoscript/fileName/DynamicShadowSettings.cs:  -> 4d386fbb6170c62321b4d131fcbbb95b
  custom:scripting/monoscript/fileName/CurveControlledBob.cs:  -> fd3c34ca61c0dfb6328f54c1782436be
  custom:scripting/monoscript/fileName/AutoMobileShaderSwitch.cs:  -> 99d7aaf020e3cf1646695822196b7aba
  custom:scripting/monoscript/fileName/AlphaButtonClickMask.cs:  -> d9b1e64559b9156677fa9de4d563dc4f
  custom:scripting/monoscript/fileName/CarUserControl.cs:  -> b739673caf6b3c3aa830f1d37d22cee0
  custom:scripting/monoscript/fileName/SpecularLightingEditor.cs:  -> b1aa7ff8d6178916b888123f93fc1461
  custom:scripting/monoscript/fileName/StandaloneInput.cs:  -> 88b73dc74cc44043423a370601c3162d
  custom:scripting/monoscript/fileName/MeshContainer.cs:  -> 75ad9d60f0f027bf75784089522aa0ff
  custom:scripting/monoscript/fileName/CarSelfRighting.cs:  -> cea80a7e099151b7e6e358849786ec5f
  custom:scripting/monoscript/fileName/AbstractTargetFollower.cs:  -> 6409c10c17b027813bf616cbbd82342d
  custom:scripting/monoscript/fileName/JetParticleEffect.cs:  -> abfa80fe368b150b31608b6d0d9e5480
  custom:scripting/monoscript/fileName/FOVKick.cs:  -> d136c86792778333cf463e29c8f7ade6
  custom:scripting/monoscript/fileName/TimedObjectActivator.cs:  -> bb1df94b2d6347fcdbe73f799d3ca657
  custom:scripting/monoscript/fileName/CameraFollow.cs:  -> f688adf0047d2d447317a6b463e2f96f
  custom:scripting/monoscript/fileName/AutoCam.cs:  -> ae81c0234c6aa2e342909cd6ad8531f9
  custom:scripting/monoscript/fileName/WaterBase.cs:  -> c45d6dc5c44825ed7b3cfd00eea96cd1
  custom:scripting/monoscript/fileName/PivotBasedCameraRig.cs:  -> 569fe548a68bbe05737c846b6136fd7c
  custom:scripting/monoscript/fileName/WaypointProgressTracker.cs:  -> 4258c6b0386daa037a45b680ab62a1e0
  custom:scripting/monoscript/fileName/ThirdPersonCharacter.cs:  -> cfdf9322569f93fa7d0d8541b14b23bc
  custom:scripting/monoscript/fileName/WaterEditorUtility.cs:  -> a2f035b58d42b9f5e221f28bf9ba8df5
  custom:scripting/monoscript/fileName/SimpleMouseRotator.cs:  -> dba573bcb546f175149e62ba814f5b72
  custom:scripting/monoscript/fileName/ParticleSystemMultiplier.cs:  -> ee9356afc1edd7a7e964bbfaae218d2b
  custom:scripting/monoscript/fileName/Explosive.cs:  -> 3828d6083bb1809dd6ceb0774cff30bf
  custom:scripting/monoscript/fileName/TargetFieldOfView.cs:  -> 51d23f9917ca2bff79136f2f326daaed
  custom:scripting/monoscript/fileName/AeroplaneAiControl.cs:  -> 1998eeeff93b392074de05baabdb9c40
  custom:scripting/monoscript/fileName/CameraRefocus.cs:  -> ad0ece5675b71eb36894f0c255f332e4
  custom:scripting/monoscript/fileName/CarAudio.cs:  -> fc000aedbef84f7776d30d5e96d6569a
  custom:scripting/monoscript/fileName/TimedObjectDestructor.cs:  -> 2b9ef5c24d8ac1876bcac32bfbb70091
  custom:scripting/monoscript/fileName/MobileControlRig.cs:  -> edcf953c7c7f28c0e7c76ed3794b771a
  custom:scripting/monoscript/fileName/ExplosionFireAndDebris.cs:  -> 9c578ebda2ad3c3c3c6c44dce65093e0
  custom:scripting/monoscript/fileName/Mudguard.cs:  -> 12e7e83acdb435d5e06e72b4316a8319
  custom:scripting/monoscript/fileName/SpecularLighting.cs:  -> b337f2555d0714afc339e7449ab9618f
  custom:scripting/monoscript/fileName/ForcedReset.cs:  -> 5ff613fa73995367b603682b60bcea24
  custom:scripting/monoscript/fileName/HandHeldCam.cs:  -> 39d3287cbb1e5c085859aee4b8cca7a8
  custom:scripting/precompiled-assembly-types:OccaSoftware.Crosshairs.Editor:  -> e109baed6ff8e6bea800d78a4fda2005
  custom:scripting/monoscript/fileName/AeroplaneControlSurfaceAnimator.cs:  -> 010a3bb2938c9be08cfba18cfdb02ba8
  custom:scripting/monoscript/fileName/EventSystemChecker.cs:  -> 8ff64b04718551a6bca2d6f2b6f6ea6e
  custom:scripting/monoscript/fileName/VirtualInput.cs:  -> dc5775c312c5ecb7052c36f3d3ca27fc
  custom:scripting/monoscript/fileName/AeroplaneUserControl2Axis.cs:  -> 2b05f3c9809daf4601d3a5f28329996c
  custom:scripting/monoscript/fileName/WaterHoseParticles.cs:  -> 86c1b8c19be690fb9367e984ca7a0ab7
  custom:scripting/monoscript/fileName/MouseLook.cs:  -> 36c3836205aea061e755e4bcfebbe89c
  custom:scripting/monoscript/fileName/SimpleActivatorMenu.cs:  -> 1f886f09fd047de86975dc92f0781ec6
  custom:scripting/monoscript/fileName/PlatformerCharacter2D.cs:  -> ec36baacbd2b0ac64e2ed75f1435adaa
  custom:scripting/monoscript/fileName/FPSCounter.cs:  -> 61325357dea45ada3313f117fe0f7127
  custom:scripting/monoscript/fileName/LerpControlledBob.cs:  -> e1bf67f0a3095bf49332446dc0219443
  custom:scripting/monoscript/fileName/ButtonHandler.cs:  -> bf99f15b4b4da7541cf1a3227d33dba4
  custom:scripting/monoscript/fileName/LookatTarget.cs:  -> 24990fd6a1942dd499cec63d308f9c02
  custom:scripting/monoscript/fileName/AeroplaneController.cs:  -> cfb2d719e9219769fc09de7d4a42bb38
  custom:scripting/monoscript/fileName/CarController.cs:  -> fb53e0bbf58768a4ef106911a1e6c541
  custom:scripting/monoscript/fileName/AfterburnerPhysicsForce.cs:  -> ea1d2e5ce75d184b47ac9cdb79411e01
  custom:scripting/monoscript/fileName/AeroplanePropellerAnimator.cs:  -> 0a888aaa63bfb35fd9eec0b63fc72e3c
  custom:scripting/monoscript/fileName/Displace.cs:  -> 5b4fe65107bc730457d8c227a256a0ca
  custom:scripting/monoscript/fileName/AxisTouchButton.cs:  -> a7aa800e764d8b80087fc24ac7f59d30
  custom:scripting/monoscript/fileName/BrakeLight.cs:  -> 3113ea39310d45bead23adbbd70231cd
  custom:scripting/monoscript/fileName/FollowTarget.cs:  -> b1a6ed13124065658ba5d24dfcda5053
  custom:scripting/monoscript/fileName/Suspension.cs:  -> acf7b262a6de56a4883e121a5f1da868
  custom:scripting/monoscript/fileName/FireLight.cs:  -> b4b66c362b883eb58d7e52f4922a19fc
  custom:scripting/monoscript/fileName/FirstPersonController.cs:  -> 1e0da09e3242489bf669acc330e4a42a
  custom:scripting/monoscript/fileName/ProtectCameraFromWallClip.cs:  -> 4c140574803b995cdf559398f585d40b
  custom:scripting/monoscript/fileName/SkidTrail.cs:  -> 15a75bf14c72d020d3341a05c9220dc5
  custom:scripting/monoscript/fileName/Joystick.cs:  -> 11af4b90318823aa68a285f0f2d513aa
  custom:scripting/monoscript/fileName/BallUserControl.cs:  -> a7e27f72ffe35910ae9c3697f09faa90
  custom:scripting/monoscript/fileName/FreeLookCam.cs:  -> fbcb717fad2034192c3ecbc696d6e019
  custom:scripting/monoscript/fileName/PlatformSpecificContent.cs:  -> d80b16e46fa47259f162b60d4de03e39
  custom:scripting/monoscript/fileName/AutoMoveAndRotate.cs:  -> cadb60ca81f0fa092bfbe6288b868ff7
  custom:scripting/monoscript/fileName/WaterTile.cs:  -> befbb5490146d8411f498114065e047b
  custom:scripting/monoscript/fileName/ThirdPersonUserControl.cs:  -> bd5be9b690b2b25691123042e3f029e4
  custom:scripting/monoscript/fileName/Hose.cs:  -> 1d1751f4f603bc707cbfbd006a3e319e
  custom:scripting/monoscript/fileName/HeadBob.cs:  -> 280e62205361a81182004909e3cfba7a
  custom:scripting/monoscript/fileName/ObjectResetter.cs:  -> 4729f3c5ec4320f6d42859ed0a7e4fcc
  custom:scripting/monoscript/fileName/GerstnerDisplaceEditor.cs:  -> cac3112c0b92edc85cc92519734e920f
  custom:scripting/monoscript/fileName/Restarter.cs:  -> 3754c3e01f668cfd421f243131ab1ae4
  custom:scripting/monoscript/fileName/Platformer2DUserControl.cs:  -> 9a1792f8403cabe7b20bb4ebb904f64e
  custom:scripting/monoscript/fileName/WheelEffects.cs:  -> 3a1bbc7d2b8f318a0cb10eda2837de54
========================================================================
Received Import Request.
  Time since last request: 325807.655858 seconds.
  path: Assets/AllSkyFree/Night MoonBurst/Materials/AllSky_Night_MoonBurst Equirect.mat
  artifactKey: Guid(37e208da1346243408f786b984f3d78f) Importer(815301076,1909f56bfc062723c751e8b465ee728b)
Start importing Assets/AllSkyFree/Night MoonBurst/Materials/AllSky_Night_MoonBurst Equirect.mat using Guid(37e208da1346243408f786b984f3d78f) Importer(815301076,1909f56bfc062723c751e8b465ee728b)  -> (artifact id: '0ae08669569cb46b1b603dca846cf747') in 0.120651 seconds
Number of updated asset objects reloaded before import = 0
Number of asset objects unloaded after import = 2
